<?xml version="1.0" encoding="UTF-8"?>
<coverage generated="1780425023992" clover="3.2.0">
  <project timestamp="1780425023992" name="All files">
    <metrics statements="23" coveredstatements="19" conditionals="17" coveredconditionals="9" methods="16" coveredmethods="15" elements="56" coveredelements="43" complexity="0" loc="23" ncloc="23" packages="7" files="9" classes="9"/>
    <package name="activity.entities">
      <metrics statements="7" coveredstatements="7" conditionals="1" coveredconditionals="0" methods="1" coveredmethods="1"/>
      <file name="Schedule.ts" path="/var/www/linn/bambole-app/src/domain/activity/entities/Schedule.ts">
        <metrics statements="7" coveredstatements="7" conditionals="1" coveredconditionals="0" methods="1" coveredmethods="1"/>
        <line num="22" count="1" type="stmt"/>
        <line num="23" count="1" type="stmt"/>
        <line num="24" count="1" type="stmt"/>
        <line num="25" count="1" type="stmt"/>
        <line num="26" count="1" type="stmt"/>
        <line num="27" count="1" type="stmt"/>
        <line num="28" count="1" type="stmt"/>
      </file>
    </package>
    <package name="communication.entities">
      <metrics statements="0" coveredstatements="0" conditionals="0" coveredconditionals="0" methods="1" coveredmethods="1"/>
      <file name="Announcement.ts" path="/var/www/linn/bambole-app/src/domain/communication/entities/Announcement.ts">
        <metrics statements="0" coveredstatements="0" conditionals="0" coveredconditionals="0" methods="1" coveredmethods="1"/>
      </file>
    </package>
    <package name="communication.value-objects">
      <metrics statements="5" coveredstatements="4" conditionals="6" coveredconditionals="4" methods="5" coveredmethods="4"/>
      <file name="CommunicationVOs.ts" path="/var/www/linn/bambole-app/src/domain/communication/value-objects/CommunicationVOs.ts">
        <metrics statements="5" coveredstatements="4" conditionals="6" coveredconditionals="4" methods="5" coveredmethods="4"/>
        <line num="5" count="1" type="cond" truecount="3" falsecount="1"/>
        <line num="6" count="1" type="cond" truecount="1" falsecount="1"/>
        <line num="7" count="1" type="stmt"/>
        <line num="17" count="0" type="stmt"/>
        <line num="21" count="1" type="stmt"/>
      </file>
    </package>
    <package name="enrollment.entities">
      <metrics statements="0" coveredstatements="0" conditionals="2" coveredconditionals="0" methods="2" coveredmethods="2"/>
      <file name="Child.ts" path="/var/www/linn/bambole-app/src/domain/enrollment/entities/Child.ts">
        <metrics statements="0" coveredstatements="0" conditionals="2" coveredconditionals="0" methods="1" coveredmethods="1"/>
      </file>
      <file name="Guardian.ts" path="/var/www/linn/bambole-app/src/domain/enrollment/entities/Guardian.ts">
        <metrics statements="0" coveredstatements="0" conditionals="0" coveredconditionals="0" methods="1" coveredmethods="1"/>
      </file>
    </package>
    <package name="enrollment.value-objects">
      <metrics statements="3" coveredstatements="2" conditionals="4" coveredconditionals="3" methods="2" coveredmethods="2"/>
      <file name="ChildName.ts" path="/var/www/linn/bambole-app/src/domain/enrollment/value-objects/ChildName.ts">
        <metrics statements="3" coveredstatements="2" conditionals="4" coveredconditionals="3" methods="2" coveredmethods="2"/>
        <line num="5" count="1" type="cond" truecount="3" falsecount="1"/>
        <line num="6" count="0" type="stmt"/>
        <line num="8" count="1" type="stmt"/>
      </file>
    </package>
    <package name="identity.entities">
      <metrics statements="0" coveredstatements="0" conditionals="0" coveredconditionals="0" methods="1" coveredmethods="1"/>
      <file name="User.ts" path="/var/www/linn/bambole-app/src/domain/identity/entities/User.ts">
        <metrics statements="0" coveredstatements="0" conditionals="0" coveredconditionals="0" methods="1" coveredmethods="1"/>
      </file>
    </package>
    <package name="identity.value-objects">
      <metrics statements="8" coveredstatements="6" conditionals="4" coveredconditionals="2" methods="4" coveredmethods="4"/>
      <file name="Email.ts" path="/var/www/linn/bambole-app/src/domain/identity/value-objects/Email.ts">
        <metrics statements="4" coveredstatements="3" conditionals="2" coveredconditionals="1" methods="2" coveredmethods="2"/>
        <line num="5" count="1" type="stmt"/>
        <line num="6" count="1" type="cond" truecount="1" falsecount="1"/>
        <line num="7" count="0" type="stmt"/>
        <line num="9" count="1" type="stmt"/>
      </file>
      <file name="Role.ts" path="/var/www/linn/bambole-app/src/domain/identity/value-objects/Role.ts">
        <metrics statements="4" coveredstatements="3" conditionals="2" coveredconditionals="1" methods="2" coveredmethods="2"/>
        <line num="7" count="1" type="stmt"/>
        <line num="8" count="1" type="cond" truecount="1" falsecount="1"/>
        <line num="9" count="0" type="stmt"/>
        <line num="11" count="1" type="stmt"/>
      </file>
    </package>
  </project>
</coverage>
