{"/var/www/linn/bambole-app/src/domain/activity/entities/Schedule.ts": {"path":"/var/www/linn/bambole-app/src/domain/activity/entities/Schedule.ts","statementMap":{"0":{"start":{"line":22,"column":8},"end":{"line":22,"column":21}},"1":{"start":{"line":23,"column":8},"end":{"line":23,"column":31}},"2":{"start":{"line":24,"column":8},"end":{"line":24,"column":27}},"3":{"start":{"line":25,"column":8},"end":{"line":25,"column":39}},"4":{"start":{"line":26,"column":8},"end":{"line":26,"column":39}},"5":{"start":{"line":27,"column":8},"end":{"line":27,"column":33}},"6":{"start":{"line":28,"column":8},"end":{"line":28,"column":37}}},"fnMap":{"0":{"name":"(anonymous_0)","decl":{"start":{"line":13,"column":4},"end":{"line":13,"column":5}},"loc":{"start":{"line":21,"column":6},"end":{"line":29,"column":5}},"line":21}},"branchMap":{"0":{"loc":{"start":{"line":20,"column":8},"end":{"line":20,"column":39}},"type":"default-arg","locations":[{"start":{"line":20,"column":33},"end":{"line":20,"column":39}}],"line":20}},"s":{"0":1,"1":1,"2":1,"3":1,"4":1,"5":1,"6":1},"f":{"0":1},"b":{"0":[0]},"_coverageSchema":"1a1c01bbd47fc00a2c39e90264f33305004495a9","hash":"a4253536e7b8bb16b0b38382511e4933c4dedb87"}
,"/var/www/linn/bambole-app/src/domain/communication/entities/Announcement.ts": {"path":"/var/www/linn/bambole-app/src/domain/communication/entities/Announcement.ts","statementMap":{},"fnMap":{"0":{"name":"(anonymous_0)","decl":{"start":{"line":4,"column":4},"end":{"line":4,"column":5}},"loc":{"start":{"line":10,"column":6},"end":{"line":10,"column":8}},"line":10}},"branchMap":{},"s":{},"f":{"0":1},"b":{},"_coverageSchema":"1a1c01bbd47fc00a2c39e90264f33305004495a9","hash":"86b2ec94818c71d9845ea92f33c3bba7ff0e7d17"}
,"/var/www/linn/bambole-app/src/domain/communication/value-objects/CommunicationVOs.ts": {"path":"/var/www/linn/bambole-app/src/domain/communication/value-objects/CommunicationVOs.ts","statementMap":{"0":{"start":{"line":5,"column":8},"end":{"line":5,"column":96}},"1":{"start":{"line":5,"column":53},"end":{"line":5,"column":96}},"2":{"start":{"line":6,"column":8},"end":{"line":6,"column":86}},"3":{"start":{"line":6,"column":34},"end":{"line":6,"column":86}},"4":{"start":{"line":7,"column":8},"end":{"line":7,"column":55}},"5":{"start":{"line":17,"column":8},"end":{"line":17,"column":46}},"6":{"start":{"line":21,"column":8},"end":{"line":21,"column":35}}},"fnMap":{"0":{"name":"(anonymous_0)","decl":{"start":{"line":2,"column":4},"end":{"line":2,"column":5}},"loc":{"start":{"line":2,"column":55},"end":{"line":2,"column":58}},"line":2},"1":{"name":"(anonymous_1)","decl":{"start":{"line":4,"column":4},"end":{"line":4,"column":5}},"loc":{"start":{"line":4,"column":56},"end":{"line":8,"column":5}},"line":4},"2":{"name":"(anonymous_2)","decl":{"start":{"line":14,"column":4},"end":{"line":14,"column":5}},"loc":{"start":{"line":14,"column":94},"end":{"line":14,"column":97}},"line":14},"3":{"name":"(anonymous_3)","decl":{"start":{"line":16,"column":4},"end":{"line":16,"column":5}},"loc":{"start":{"line":16,"column":47},"end":{"line":18,"column":5}},"line":16},"4":{"name":"(anonymous_4)","decl":{"start":{"line":20,"column":4},"end":{"line":20,"column":5}},"loc":{"start":{"line":20,"column":30},"end":{"line":22,"column":5}},"line":20}},"branchMap":{"0":{"loc":{"start":{"line":5,"column":8},"end":{"line":5,"column":96}},"type":"if","locations":[{"start":{"line":5,"column":8},"end":{"line":5,"column":96}},{"start":{},"end":{}}],"line":5},"1":{"loc":{"start":{"line":5,"column":12},"end":{"line":5,"column":51}},"type":"binary-expr","locations":[{"start":{"line":5,"column":12},"end":{"line":5,"column":20}},{"start":{"line":5,"column":24},"end":{"line":5,"column":51}}],"line":5},"2":{"loc":{"start":{"line":6,"column":8},"end":{"line":6,"column":86}},"type":"if","locations":[{"start":{"line":6,"column":8},"end":{"line":6,"column":86}},{"start":{},"end":{}}],"line":6}},"s":{"0":1,"1":0,"2":1,"3":0,"4":1,"5":0,"6":1},"f":{"0":1,"1":1,"2":1,"3":0,"4":1},"b":{"0":[0,1],"1":[1,1],"2":[0,1]},"_coverageSchema":"1a1c01bbd47fc00a2c39e90264f33305004495a9","hash":"35b8b964533345addad95d4d681736f9c1a2e926"}
,"/var/www/linn/bambole-app/src/domain/enrollment/entities/Child.ts": {"path":"/var/www/linn/bambole-app/src/domain/enrollment/entities/Child.ts","statementMap":{},"fnMap":{"0":{"name":"(anonymous_0)","decl":{"start":{"line":4,"column":4},"end":{"line":4,"column":5}},"loc":{"start":{"line":12,"column":6},"end":{"line":12,"column":9}},"line":12}},"branchMap":{"0":{"loc":{"start":{"line":10,"column":24},"end":{"line":10,"column":52}},"type":"default-arg","locations":[{"start":{"line":10,"column":50},"end":{"line":10,"column":52}}],"line":10},"1":{"loc":{"start":{"line":11,"column":24},"end":{"line":11,"column":56}},"type":"default-arg","locations":[{"start":{"line":11,"column":51},"end":{"line":11,"column":56}}],"line":11}},"s":{},"f":{"0":1},"b":{"0":[0],"1":[0]},"_coverageSchema":"1a1c01bbd47fc00a2c39e90264f33305004495a9","hash":"4b84c2da2f948e98dd0f64b4cbba8229eb398d0c"}
,"/var/www/linn/bambole-app/src/domain/enrollment/entities/Guardian.ts": {"path":"/var/www/linn/bambole-app/src/domain/enrollment/entities/Guardian.ts","statementMap":{},"fnMap":{"0":{"name":"(anonymous_0)","decl":{"start":{"line":2,"column":4},"end":{"line":2,"column":5}},"loc":{"start":{"line":7,"column":6},"end":{"line":7,"column":9}},"line":7}},"branchMap":{},"s":{},"f":{"0":1},"b":{},"_coverageSchema":"1a1c01bbd47fc00a2c39e90264f33305004495a9","hash":"009bbc5d4bec32d36c581d02214ea2c327105af5"}
,"/var/www/linn/bambole-app/src/domain/enrollment/value-objects/ChildName.ts": {"path":"/var/www/linn/bambole-app/src/domain/enrollment/value-objects/ChildName.ts","statementMap":{"0":{"start":{"line":5,"column":8},"end":{"line":7,"column":9}},"1":{"start":{"line":6,"column":12},"end":{"line":6,"column":50}},"2":{"start":{"line":8,"column":8},"end":{"line":8,"column":42}}},"fnMap":{"0":{"name":"(anonymous_0)","decl":{"start":{"line":2,"column":4},"end":{"line":2,"column":5}},"loc":{"start":{"line":2,"column":55},"end":{"line":2,"column":58}},"line":2},"1":{"name":"(anonymous_1)","decl":{"start":{"line":4,"column":4},"end":{"line":4,"column":5}},"loc":{"start":{"line":4,"column":43},"end":{"line":9,"column":5}},"line":4}},"branchMap":{"0":{"loc":{"start":{"line":5,"column":8},"end":{"line":7,"column":9}},"type":"if","locations":[{"start":{"line":5,"column":8},"end":{"line":7,"column":9}},{"start":{},"end":{}}],"line":5},"1":{"loc":{"start":{"line":5,"column":12},"end":{"line":5,"column":43}},"type":"binary-expr","locations":[{"start":{"line":5,"column":12},"end":{"line":5,"column":17}},{"start":{"line":5,"column":21},"end":{"line":5,"column":43}}],"line":5}},"s":{"0":1,"1":0,"2":1},"f":{"0":1,"1":1},"b":{"0":[0,1],"1":[1,1]},"_coverageSchema":"1a1c01bbd47fc00a2c39e90264f33305004495a9","hash":"dbfa059cddd0eb8707618cc1ee6d791c483ad3fd"}
,"/var/www/linn/bambole-app/src/domain/identity/entities/User.ts": {"path":"/var/www/linn/bambole-app/src/domain/identity/entities/User.ts","statementMap":{},"fnMap":{"0":{"name":"(anonymous_0)","decl":{"start":{"line":5,"column":4},"end":{"line":5,"column":5}},"loc":{"start":{"line":11,"column":6},"end":{"line":11,"column":9}},"line":11}},"branchMap":{},"s":{},"f":{"0":1},"b":{},"_coverageSchema":"1a1c01bbd47fc00a2c39e90264f33305004495a9","hash":"56d37796bf087e2c362e7e6702c0f9b9d4a05a46"}
,"/var/www/linn/bambole-app/src/domain/identity/value-objects/Email.ts": {"path":"/var/www/linn/bambole-app/src/domain/identity/value-objects/Email.ts","statementMap":{"0":{"start":{"line":5,"column":27},"end":{"line":5,"column":55}},"1":{"start":{"line":6,"column":8},"end":{"line":8,"column":9}},"2":{"start":{"line":7,"column":12},"end":{"line":7,"column":52}},"3":{"start":{"line":9,"column":8},"end":{"line":9,"column":32}}},"fnMap":{"0":{"name":"(anonymous_0)","decl":{"start":{"line":2,"column":4},"end":{"line":2,"column":5}},"loc":{"start":{"line":2,"column":55},"end":{"line":2,"column":58}},"line":2},"1":{"name":"(anonymous_1)","decl":{"start":{"line":4,"column":4},"end":{"line":4,"column":5}},"loc":{"start":{"line":4,"column":40},"end":{"line":10,"column":5}},"line":4}},"branchMap":{"0":{"loc":{"start":{"line":6,"column":8},"end":{"line":8,"column":9}},"type":"if","locations":[{"start":{"line":6,"column":8},"end":{"line":8,"column":9}},{"start":{},"end":{}}],"line":6}},"s":{"0":1,"1":1,"2":0,"3":1},"f":{"0":1,"1":1},"b":{"0":[0,1]},"_coverageSchema":"1a1c01bbd47fc00a2c39e90264f33305004495a9","hash":"6411faa12d5fc01e70a4884a7e3a4406d19cb92f"}
,"/var/www/linn/bambole-app/src/domain/identity/value-objects/Role.ts": {"path":"/var/www/linn/bambole-app/src/domain/identity/value-objects/Role.ts","statementMap":{"0":{"start":{"line":7,"column":37},"end":{"line":7,"column":67}},"1":{"start":{"line":8,"column":8},"end":{"line":10,"column":9}},"2":{"start":{"line":9,"column":12},"end":{"line":9,"column":49}},"3":{"start":{"line":11,"column":8},"end":{"line":11,"column":42}}},"fnMap":{"0":{"name":"(anonymous_0)","decl":{"start":{"line":4,"column":4},"end":{"line":4,"column":5}},"loc":{"start":{"line":4,"column":57},"end":{"line":4,"column":60}},"line":4},"1":{"name":"(anonymous_1)","decl":{"start":{"line":6,"column":4},"end":{"line":6,"column":5}},"loc":{"start":{"line":6,"column":40},"end":{"line":12,"column":5}},"line":6}},"branchMap":{"0":{"loc":{"start":{"line":8,"column":8},"end":{"line":10,"column":9}},"type":"if","locations":[{"start":{"line":8,"column":8},"end":{"line":10,"column":9}},{"start":{},"end":{}}],"line":8}},"s":{"0":1,"1":1,"2":0,"3":1},"f":{"0":1,"1":1},"b":{"0":[0,1]},"_coverageSchema":"1a1c01bbd47fc00a2c39e90264f33305004495a9","hash":"29ba4ba4d4d23ee0fc0e9e556d2d157ac341d323"}
}
