{"/var/www/linnr/bambole-app/src/application/activity/use-cases/CreateClassUseCase.ts": {"path":"/var/www/linnr/bambole-app/src/application/activity/use-cases/CreateClassUseCase.ts","statementMap":{"0":{"start":{"line":2,"column":0},"end":{"line":2,"column":84}},"1":{"start":{"line":14,"column":33},"end":{"line":14,"column":60}},"2":{"start":{"line":17,"column":8},"end":{"line":19,"column":9}},"3":{"start":{"line":18,"column":12},"end":{"line":18,"column":54}},"4":{"start":{"line":21,"column":25},"end":{"line":24,"column":null}},"5":{"start":{"line":27,"column":25},"end":{"line":32,"column":null}},"6":{"start":{"line":35,"column":8},"end":{"line":35,"column":44}},"7":{"start":{"line":13,"column":0},"end":{"line":13,"column":13}}},"fnMap":{"0":{"name":"(anonymous_0)","decl":{"start":{"line":14,"column":4},"end":{"line":14,"column":33}},"loc":{"start":{"line":14,"column":60},"end":{"line":14,"column":65}}},"1":{"name":"(anonymous_1)","decl":{"start":{"line":16,"column":4},"end":{"line":16,"column":9}},"loc":{"start":{"line":16,"column":41},"end":{"line":36,"column":5}}}},"branchMap":{"0":{"loc":{"start":{"line":17,"column":8},"end":{"line":19,"column":9}},"type":"if","locations":[{"start":{"line":17,"column":8},"end":{"line":19,"column":9}}]},"1":{"loc":{"start":{"line":17,"column":12},"end":{"line":17,"column":51}},"type":"binary-expr","locations":[{"start":{"line":17,"column":12},"end":{"line":17,"column":23}},{"start":{"line":17,"column":27},"end":{"line":17,"column":51}}]},"2":{"loc":{"start":{"line":28,"column":12},"end":{"line":28,"column":93}},"type":"cond-expr","locations":[{"start":{"line":28,"column":32},"end":{"line":28,"column":51}},{"start":{"line":28,"column":54},"end":{"line":28,"column":93}}]}},"s":{"0":1,"1":3,"2":3,"3":1,"4":2,"5":2,"6":2,"7":1},"f":{"0":3,"1":3},"b":{"0":[1],"1":[3,2],"2":[1,1]}}
,"/var/www/linnr/bambole-app/src/application/attendance/use-cases/TakeAttendanceUseCase.ts": {"path":"/var/www/linnr/bambole-app/src/application/attendance/use-cases/TakeAttendanceUseCase.ts","statementMap":{"0":{"start":{"line":3,"column":0},"end":{"line":3,"column":81}},"1":{"start":{"line":14,"column":25},"end":{"line":14,"column":62}},"2":{"start":{"line":15,"column":25},"end":{"line":15,"column":52}},"3":{"start":{"line":24,"column":20},"end":{"line":24,"column":58}},"4":{"start":{"line":25,"column":8},"end":{"line":27,"column":9}},"5":{"start":{"line":26,"column":12},"end":{"line":26,"column":47}},"6":{"start":{"line":29,"column":8},"end":{"line":31,"column":9}},"7":{"start":{"line":30,"column":12},"end":{"line":30,"column":59}},"8":{"start":{"line":33,"column":8},"end":{"line":42,"column":9}},"9":{"start":{"line":35,"column":12},"end":{"line":40,"column":13}},"10":{"start":{"line":36,"column":16},"end":{"line":36,"column":121}},"11":{"start":{"line":36,"column":42},"end":{"line":36,"column":121}},"12":{"start":{"line":37,"column":16},"end":{"line":37,"column":120}},"13":{"start":{"line":39,"column":16},"end":{"line":39,"column":98}},"14":{"start":{"line":41,"column":12},"end":{"line":41,"column":51}},"15":{"start":{"line":12,"column":0},"end":{"line":12,"column":13}}},"fnMap":{"0":{"name":"(anonymous_0)","decl":{"start":{"line":13,"column":4},"end":{"line":13,"column":null}},"loc":{"start":{"line":15,"column":52},"end":{"line":16,"column":9}}},"1":{"name":"(anonymous_1)","decl":{"start":{"line":18,"column":4},"end":{"line":18,"column":9}},"loc":{"start":{"line":22,"column":35},"end":{"line":43,"column":5}}}},"branchMap":{"0":{"loc":{"start":{"line":25,"column":8},"end":{"line":27,"column":9}},"type":"if","locations":[{"start":{"line":25,"column":8},"end":{"line":27,"column":9}}]},"1":{"loc":{"start":{"line":29,"column":8},"end":{"line":31,"column":9}},"type":"if","locations":[{"start":{"line":29,"column":8},"end":{"line":31,"column":9}}]},"2":{"loc":{"start":{"line":35,"column":12},"end":{"line":40,"column":13}},"type":"if","locations":[{"start":{"line":35,"column":12},"end":{"line":40,"column":13}},{"start":{"line":38,"column":19},"end":{"line":40,"column":13}}]},"3":{"loc":{"start":{"line":36,"column":16},"end":{"line":36,"column":121}},"type":"if","locations":[{"start":{"line":36,"column":16},"end":{"line":36,"column":121}}]}},"s":{"0":1,"1":4,"2":4,"3":4,"4":4,"5":1,"6":3,"7":1,"8":2,"9":3,"10":2,"11":1,"12":1,"13":1,"14":2,"15":1},"f":{"0":4,"1":4},"b":{"0":[1],"1":[1],"2":[2,1],"3":[1]}}
,"/var/www/linnr/bambole-app/src/application/communication/use-cases/SendAnnouncementUseCase.ts": {"path":"/var/www/linnr/bambole-app/src/application/communication/use-cases/SendAnnouncementUseCase.ts","statementMap":{"0":{"start":{"line":4,"column":0},"end":{"line":4,"column":76}},"1":{"start":{"line":5,"column":0},"end":{"line":5,"column":116}},"2":{"start":{"line":9,"column":25},"end":{"line":9,"column":62}},"3":{"start":{"line":10,"column":25},"end":{"line":10,"column":50}},"4":{"start":{"line":11,"column":25},"end":{"line":11,"column":50}},"5":{"start":{"line":20,"column":27},"end":{"line":20,"column":62}},"6":{"start":{"line":21,"column":25},"end":{"line":21,"column":99}},"7":{"start":{"line":23,"column":29},"end":{"line":23,"column":100}},"8":{"start":{"line":24,"column":8},"end":{"line":24,"column":51}},"9":{"start":{"line":26,"column":31},"end":{"line":26,"column":33}},"10":{"start":{"line":27,"column":20},"end":{"line":27,"column":31}},"11":{"start":{"line":29,"column":8},"end":{"line":36,"column":9}},"12":{"start":{"line":30,"column":12},"end":{"line":30,"column":94}},"13":{"start":{"line":30,"column":35},"end":{"line":30,"column":94}},"14":{"start":{"line":31,"column":12},"end":{"line":31,"column":77}},"15":{"start":{"line":32,"column":12},"end":{"line":32,"column":34}},"16":{"start":{"line":34,"column":12},"end":{"line":34,"column":63}},"17":{"start":{"line":35,"column":12},"end":{"line":35,"column":40}},"18":{"start":{"line":38,"column":8},"end":{"line":40,"column":9}},"19":{"start":{"line":39,"column":12},"end":{"line":39,"column":73}},"20":{"start":{"line":7,"column":0},"end":{"line":7,"column":13}}},"fnMap":{"0":{"name":"(anonymous_0)","decl":{"start":{"line":8,"column":4},"end":{"line":8,"column":null}},"loc":{"start":{"line":11,"column":50},"end":{"line":12,"column":9}}},"1":{"name":"(anonymous_1)","decl":{"start":{"line":14,"column":4},"end":{"line":14,"column":9}},"loc":{"start":{"line":18,"column":24},"end":{"line":41,"column":5}}}},"branchMap":{"0":{"loc":{"start":{"line":21,"column":25},"end":{"line":21,"column":99}},"type":"cond-expr","locations":[{"start":{"line":21,"column":52},"end":{"line":21,"column":79}},{"start":{"line":21,"column":82},"end":{"line":21,"column":99}}]},"1":{"loc":{"start":{"line":29,"column":8},"end":{"line":36,"column":9}},"type":"if","locations":[{"start":{"line":29,"column":8},"end":{"line":36,"column":9}},{"start":{"line":33,"column":15},"end":{"line":36,"column":9}}]},"2":{"loc":{"start":{"line":30,"column":12},"end":{"line":30,"column":94}},"type":"if","locations":[{"start":{"line":30,"column":12},"end":{"line":30,"column":94}}]},"3":{"loc":{"start":{"line":38,"column":8},"end":{"line":40,"column":9}},"type":"if","locations":[{"start":{"line":38,"column":8},"end":{"line":40,"column":9}}]}},"s":{"0":1,"1":1,"2":4,"3":4,"4":4,"5":4,"6":4,"7":4,"8":4,"9":4,"10":4,"11":4,"12":2,"13":1,"14":1,"15":1,"16":2,"17":2,"18":3,"19":2,"20":1},"f":{"0":4,"1":4},"b":{"0":[2,2],"1":[2,2],"2":[1],"3":[2]}}
,"/var/www/linnr/bambole-app/src/application/enrollment/use-cases/LinkGuardianToChildUseCase.ts": {"path":"/var/www/linnr/bambole-app/src/application/enrollment/use-cases/LinkGuardianToChildUseCase.ts","statementMap":{"0":{"start":{"line":6,"column":25},"end":{"line":6,"column":58}},"1":{"start":{"line":7,"column":25},"end":{"line":7,"column":52}},"2":{"start":{"line":11,"column":25},"end":{"line":11,"column":69}},"3":{"start":{"line":12,"column":8},"end":{"line":14,"column":9}},"4":{"start":{"line":13,"column":12},"end":{"line":13,"column":50}},"5":{"start":{"line":16,"column":22},"end":{"line":16,"column":60}},"6":{"start":{"line":17,"column":8},"end":{"line":19,"column":9}},"7":{"start":{"line":18,"column":12},"end":{"line":18,"column":47}},"8":{"start":{"line":21,"column":8},"end":{"line":21,"column":65}},"9":{"start":{"line":4,"column":0},"end":{"line":4,"column":13}}},"fnMap":{"0":{"name":"(anonymous_0)","decl":{"start":{"line":5,"column":4},"end":{"line":5,"column":null}},"loc":{"start":{"line":7,"column":52},"end":{"line":8,"column":9}}},"1":{"name":"(anonymous_1)","decl":{"start":{"line":10,"column":4},"end":{"line":10,"column":9}},"loc":{"start":{"line":10,"column":53},"end":{"line":22,"column":5}}}},"branchMap":{"0":{"loc":{"start":{"line":12,"column":8},"end":{"line":14,"column":9}},"type":"if","locations":[{"start":{"line":12,"column":8},"end":{"line":14,"column":9}}]},"1":{"loc":{"start":{"line":17,"column":8},"end":{"line":19,"column":9}},"type":"if","locations":[{"start":{"line":17,"column":8},"end":{"line":19,"column":9}}]}},"s":{"0":3,"1":3,"2":3,"3":3,"4":1,"5":2,"6":2,"7":1,"8":1,"9":1},"f":{"0":3,"1":3},"b":{"0":[1],"1":[1]}}
,"/var/www/linnr/bambole-app/src/application/identity/use-cases/SignInUseCase.ts": {"path":"/var/www/linnr/bambole-app/src/application/identity/use-cases/SignInUseCase.ts","statementMap":{"0":{"start":{"line":3,"column":0},"end":{"line":3,"column":62}},"1":{"start":{"line":8,"column":25},"end":{"line":8,"column":50}},"2":{"start":{"line":9,"column":25},"end":{"line":9,"column":50}},"3":{"start":{"line":13,"column":22},"end":{"line":13,"column":44}},"4":{"start":{"line":15,"column":21},"end":{"line":15,"column":59}},"5":{"start":{"line":16,"column":8},"end":{"line":18,"column":9}},"6":{"start":{"line":17,"column":12},"end":{"line":17,"column":46}},"7":{"start":{"line":20,"column":8},"end":{"line":20,"column":58}},"8":{"start":{"line":22,"column":8},"end":{"line":22,"column":20}},"9":{"start":{"line":6,"column":0},"end":{"line":6,"column":13}}},"fnMap":{"0":{"name":"(anonymous_0)","decl":{"start":{"line":7,"column":4},"end":{"line":7,"column":null}},"loc":{"start":{"line":9,"column":50},"end":{"line":10,"column":9}}},"1":{"name":"(anonymous_1)","decl":{"start":{"line":12,"column":4},"end":{"line":12,"column":9}},"loc":{"start":{"line":12,"column":52},"end":{"line":23,"column":5}}}},"branchMap":{"0":{"loc":{"start":{"line":16,"column":8},"end":{"line":18,"column":9}},"type":"if","locations":[{"start":{"line":16,"column":8},"end":{"line":18,"column":9}}]}},"s":{"0":1,"1":2,"2":2,"3":2,"4":2,"5":2,"6":1,"7":1,"8":1,"9":1},"f":{"0":2,"1":2},"b":{"0":[1]}}
,"/var/www/linnr/bambole-app/src/application/identity/use-cases/SignUpUseCase.ts": {"path":"/var/www/linnr/bambole-app/src/application/identity/use-cases/SignUpUseCase.ts","statementMap":{"0":{"start":{"line":3,"column":0},"end":{"line":3,"column":62}},"1":{"start":{"line":4,"column":0},"end":{"line":4,"column":55}},"2":{"start":{"line":5,"column":0},"end":{"line":5,"column":60}},"3":{"start":{"line":9,"column":25},"end":{"line":9,"column":50}},"4":{"start":{"line":10,"column":25},"end":{"line":10,"column":50}},"5":{"start":{"line":14,"column":22},"end":{"line":14,"column":44}},"6":{"start":{"line":16,"column":25},"end":{"line":16,"column":63}},"7":{"start":{"line":17,"column":8},"end":{"line":19,"column":9}},"8":{"start":{"line":18,"column":12},"end":{"line":18,"column":52}},"9":{"start":{"line":22,"column":25},"end":{"line":22,"column":74}},"10":{"start":{"line":24,"column":21},"end":{"line":27,"column":null}},"11":{"start":{"line":30,"column":8},"end":{"line":30,"column":39}},"12":{"start":{"line":31,"column":8},"end":{"line":31,"column":20}},"13":{"start":{"line":7,"column":0},"end":{"line":7,"column":13}}},"fnMap":{"0":{"name":"(anonymous_0)","decl":{"start":{"line":8,"column":4},"end":{"line":8,"column":null}},"loc":{"start":{"line":10,"column":50},"end":{"line":11,"column":9}}},"1":{"name":"(anonymous_1)","decl":{"start":{"line":13,"column":4},"end":{"line":13,"column":9}},"loc":{"start":{"line":13,"column":52},"end":{"line":32,"column":5}}}},"branchMap":{"0":{"loc":{"start":{"line":17,"column":8},"end":{"line":19,"column":9}},"type":"if","locations":[{"start":{"line":17,"column":8},"end":{"line":19,"column":9}}]}},"s":{"0":1,"1":1,"2":1,"3":2,"4":2,"5":2,"6":2,"7":2,"8":1,"9":1,"10":1,"11":1,"12":1,"13":1},"f":{"0":2,"1":2},"b":{"0":[1]}}
,"/var/www/linnr/bambole-app/src/domain/activity/entities/Class.ts": {"path":"/var/www/linnr/bambole-app/src/domain/activity/entities/Class.ts","statementMap":{"0":{"start":{"line":5,"column":24},"end":{"line":5,"column":41}},"1":{"start":{"line":6,"column":24},"end":{"line":6,"column":41}},"2":{"start":{"line":7,"column":24},"end":{"line":7,"column":39}},"3":{"start":{"line":11,"column":38},"end":{"line":11,"column":87}},"4":{"start":{"line":12,"column":27},"end":{"line":12,"column":49}},"5":{"start":{"line":14,"column":8},"end":{"line":14,"column":58}},"6":{"start":{"line":14,"column":45},"end":{"line":14,"column":58}},"7":{"start":{"line":16,"column":33},"end":{"line":16,"column":70}},"8":{"start":{"line":17,"column":29},"end":{"line":17,"column":64}},"9":{"start":{"line":19,"column":25},"end":{"line":19,"column":39}},"10":{"start":{"line":20,"column":25},"end":{"line":20,"column":41}},"11":{"start":{"line":22,"column":29},"end":{"line":22,"column":53}},"12":{"start":{"line":23,"column":27},"end":{"line":23,"column":47}},"13":{"start":{"line":24,"column":25},"end":{"line":24,"column":41}},"14":{"start":{"line":26,"column":8},"end":{"line":26,"column":70}},"15":{"start":{"line":3,"column":0},"end":{"line":3,"column":13}},"16":{"start":{"line":32,"column":24},"end":{"line":32,"column":34}},"17":{"start":{"line":33,"column":24},"end":{"line":33,"column":36}},"18":{"start":{"line":34,"column":24},"end":{"line":34,"column":54}},"19":{"start":{"line":35,"column":24},"end":{"line":35,"column":44}},"20":{"start":{"line":36,"column":24},"end":{"line":36,"column":41}},"21":{"start":{"line":40,"column":8},"end":{"line":40,"column":52}},"22":{"start":{"line":30,"column":0},"end":{"line":30,"column":13}}},"fnMap":{"0":{"name":"(anonymous_1)","decl":{"start":{"line":10,"column":4},"end":{"line":10,"column":15}},"loc":{"start":{"line":10,"column":38},"end":{"line":27,"column":5}}},"1":{"name":"(anonymous_2)","decl":{"start":{"line":31,"column":4},"end":{"line":31,"column":null}},"loc":{"start":{"line":36,"column":41},"end":{"line":37,"column":9}}},"2":{"name":"(anonymous_3)","decl":{"start":{"line":39,"column":4},"end":{"line":39,"column":20}},"loc":{"start":{"line":39,"column":43},"end":{"line":41,"column":5}}}},"branchMap":{"0":{"loc":{"start":{"line":10,"column":16},"end":{"line":10,"column":38}},"type":"default-arg","locations":[{"start":{"line":10,"column":28},"end":{"line":10,"column":38}}]},"1":{"loc":{"start":{"line":14,"column":8},"end":{"line":14,"column":58}},"type":"if","locations":[{"start":{"line":14,"column":8},"end":{"line":14,"column":58}}]},"2":{"loc":{"start":{"line":26,"column":15},"end":{"line":26,"column":69}},"type":"binary-expr","locations":[{"start":{"line":26,"column":15},"end":{"line":26,"column":41}},{"start":{"line":26,"column":45},"end":{"line":26,"column":69}}]},"3":{"loc":{"start":{"line":39,"column":21},"end":{"line":39,"column":43}},"type":"default-arg","locations":[{"start":{"line":39,"column":33},"end":{"line":39,"column":43}}]}},"s":{"0":9,"1":9,"2":9,"3":9,"4":9,"5":9,"6":2,"7":7,"8":7,"9":7,"10":7,"11":7,"12":7,"13":7,"14":7,"15":3,"16":7,"17":7,"18":7,"19":7,"20":7,"21":5,"22":3},"f":{"0":9,"1":7,"2":5},"b":{"0":[1],"1":[2],"2":[7,7],"3":[1]}}
,"/var/www/linnr/bambole-app/src/domain/activity/entities/Schedule.ts": {"path":"/var/www/linnr/bambole-app/src/domain/activity/entities/Schedule.ts","statementMap":{"0":{"start":{"line":6,"column":24},"end":{"line":6,"column":46}},"1":{"start":{"line":7,"column":24},"end":{"line":7,"column":39}},"2":{"start":{"line":8,"column":24},"end":{"line":8,"column":37}},"3":{"start":{"line":9,"column":24},"end":{"line":9,"column":55}},"4":{"start":{"line":10,"column":24},"end":{"line":10,"column":41}},"5":{"start":{"line":11,"column":24},"end":{"line":11,"column":50}},"6":{"start":{"line":12,"column":24},"end":{"line":12,"column":49}},"7":{"start":{"line":4,"column":0},"end":{"line":4,"column":13}}},"fnMap":{"0":{"name":"(anonymous_0)","decl":{"start":{"line":5,"column":4},"end":{"line":5,"column":null}},"loc":{"start":{"line":12,"column":55},"end":{"line":13,"column":9}}}},"branchMap":{"0":{"loc":{"start":{"line":12,"column":24},"end":{"line":12,"column":55}},"type":"default-arg","locations":[{"start":{"line":12,"column":49},"end":{"line":12,"column":55}}]}},"s":{"0":2,"1":2,"2":2,"3":2,"4":2,"5":2,"6":2,"7":1},"f":{"0":2},"b":{"0":[1]}}
,"/var/www/linnr/bambole-app/src/domain/attendance/entities/AttendanceRecord.ts": {"path":"/var/www/linnr/bambole-app/src/domain/attendance/entities/AttendanceRecord.ts","statementMap":{"0":{"start":{"line":1,"column":0},"end":{"line":1,"column":87}},"1":{"start":{"line":5,"column":24},"end":{"line":5,"column":46}},"2":{"start":{"line":6,"column":24},"end":{"line":6,"column":39}},"3":{"start":{"line":7,"column":24},"end":{"line":7,"column":39}},"4":{"start":{"line":8,"column":24},"end":{"line":8,"column":41}},"5":{"start":{"line":9,"column":24},"end":{"line":9,"column":34}},"6":{"start":{"line":10,"column":16},"end":{"line":10,"column":41}},"7":{"start":{"line":11,"column":16},"end":{"line":11,"column":47}},"8":{"start":{"line":12,"column":16},"end":{"line":12,"column":43}},"9":{"start":{"line":13,"column":16},"end":{"line":13,"column":35}},"10":{"start":{"line":16,"column":19},"end":{"line":16,"column":39}},"11":{"start":{"line":17,"column":24},"end":{"line":17,"column":49}},"12":{"start":{"line":18,"column":30},"end":{"line":18,"column":61}},"13":{"start":{"line":19,"column":24},"end":{"line":19,"column":49}},"14":{"start":{"line":22,"column":8},"end":{"line":22,"column":125}},"15":{"start":{"line":26,"column":8},"end":{"line":26,"column":117}},"16":{"start":{"line":30,"column":8},"end":{"line":30,"column":64}},"17":{"start":{"line":31,"column":8},"end":{"line":31,"column":39}},"18":{"start":{"line":32,"column":8},"end":{"line":32,"column":39}},"19":{"start":{"line":36,"column":8},"end":{"line":36,"column":60}},"20":{"start":{"line":37,"column":8},"end":{"line":37,"column":39}},"21":{"start":{"line":38,"column":8},"end":{"line":38,"column":39}},"22":{"start":{"line":3,"column":0},"end":{"line":3,"column":13}}},"fnMap":{"0":{"name":"(anonymous_0)","decl":{"start":{"line":4,"column":4},"end":{"line":4,"column":null}},"loc":{"start":{"line":13,"column":35},"end":{"line":14,"column":9}}},"1":{"name":"(anonymous_1)","decl":{"start":{"line":16,"column":4},"end":{"line":16,"column":8}},"loc":{"start":{"line":16,"column":14},"end":{"line":16,"column":41}}},"2":{"name":"(anonymous_2)","decl":{"start":{"line":17,"column":4},"end":{"line":17,"column":8}},"loc":{"start":{"line":17,"column":19},"end":{"line":17,"column":51}}},"3":{"name":"(anonymous_3)","decl":{"start":{"line":18,"column":4},"end":{"line":18,"column":8}},"loc":{"start":{"line":18,"column":25},"end":{"line":18,"column":63}}},"4":{"name":"(anonymous_4)","decl":{"start":{"line":19,"column":4},"end":{"line":19,"column":8}},"loc":{"start":{"line":19,"column":19},"end":{"line":19,"column":51}}},"5":{"name":"(anonymous_5)","decl":{"start":{"line":21,"column":4},"end":{"line":21,"column":10}},"loc":{"start":{"line":21,"column":113},"end":{"line":23,"column":5}}},"6":{"name":"(anonymous_6)","decl":{"start":{"line":25,"column":4},"end":{"line":25,"column":10}},"loc":{"start":{"line":25,"column":87},"end":{"line":27,"column":5}}},"7":{"name":"(anonymous_7)","decl":{"start":{"line":29,"column":4},"end":{"line":29,"column":14}},"loc":{"start":{"line":29,"column":27},"end":{"line":33,"column":5}}},"8":{"name":"(anonymous_8)","decl":{"start":{"line":35,"column":4},"end":{"line":35,"column":24}},"loc":{"start":{"line":35,"column":37},"end":{"line":39,"column":5}}}},"branchMap":{},"s":{"0":2,"1":7,"2":7,"3":7,"4":7,"5":7,"6":7,"7":7,"8":7,"9":7,"10":4,"11":1,"12":2,"13":2,"14":2,"15":5,"16":2,"17":2,"18":2,"19":1,"20":1,"21":1,"22":2},"f":{"0":7,"1":4,"2":1,"3":2,"4":2,"5":2,"6":5,"7":2,"8":1},"b":{}}
,"/var/www/linnr/bambole-app/src/domain/attendance/value-objects/AttendanceStatus.ts": {"path":"/var/www/linnr/bambole-app/src/domain/attendance/value-objects/AttendanceStatus.ts","statementMap":{"0":{"start":{"line":4,"column":40},"end":{"line":4,"column":67}},"1":{"start":{"line":7,"column":32},"end":{"line":7,"column":83}},"2":{"start":{"line":8,"column":8},"end":{"line":8,"column":81}},"3":{"start":{"line":8,"column":36},"end":{"line":8,"column":81}},"4":{"start":{"line":9,"column":8},"end":{"line":9,"column":67}},"5":{"start":{"line":3,"column":0},"end":{"line":3,"column":13}}},"fnMap":{"0":{"name":"(anonymous_0)","decl":{"start":{"line":4,"column":4},"end":{"line":4,"column":40}},"loc":{"start":{"line":4,"column":67},"end":{"line":4,"column":72}}},"1":{"name":"(anonymous_1)","decl":{"start":{"line":6,"column":4},"end":{"line":6,"column":10}},"loc":{"start":{"line":6,"column":45},"end":{"line":10,"column":5}}}},"branchMap":{"0":{"loc":{"start":{"line":8,"column":8},"end":{"line":8,"column":81}},"type":"if","locations":[{"start":{"line":8,"column":8},"end":{"line":8,"column":81}}]}},"s":{"0":10,"1":11,"2":11,"3":1,"4":10,"5":2},"f":{"0":10,"1":11},"b":{"0":[1]}}
,"/var/www/linnr/bambole-app/src/domain/communication/entities/Announcement.ts": {"path":"/var/www/linnr/bambole-app/src/domain/communication/entities/Announcement.ts","statementMap":{"0":{"start":{"line":5,"column":24},"end":{"line":5,"column":46}},"1":{"start":{"line":6,"column":24},"end":{"line":6,"column":40}},"2":{"start":{"line":7,"column":24},"end":{"line":7,"column":52}},"3":{"start":{"line":8,"column":24},"end":{"line":8,"column":42}},"4":{"start":{"line":9,"column":24},"end":{"line":9,"column":41}},"5":{"start":{"line":3,"column":0},"end":{"line":3,"column":13}}},"fnMap":{"0":{"name":"(anonymous_0)","decl":{"start":{"line":4,"column":4},"end":{"line":4,"column":null}},"loc":{"start":{"line":9,"column":41},"end":{"line":10,"column":9}}}},"branchMap":{},"s":{"0":6,"1":6,"2":6,"3":6,"4":6,"5":2},"f":{"0":6},"b":{}}
,"/var/www/linnr/bambole-app/src/domain/communication/value-objects/CommunicationVOs.ts": {"path":"/var/www/linnr/bambole-app/src/domain/communication/value-objects/CommunicationVOs.ts","statementMap":{"0":{"start":{"line":2,"column":40},"end":{"line":2,"column":53}},"1":{"start":{"line":5,"column":8},"end":{"line":5,"column":96}},"2":{"start":{"line":5,"column":53},"end":{"line":5,"column":96}},"3":{"start":{"line":6,"column":8},"end":{"line":6,"column":86}},"4":{"start":{"line":6,"column":34},"end":{"line":6,"column":86}},"5":{"start":{"line":7,"column":8},"end":{"line":7,"column":55}},"6":{"start":{"line":1,"column":0},"end":{"line":1,"column":13}},"7":{"start":{"line":14,"column":40},"end":{"line":14,"column":58}},"8":{"start":{"line":14,"column":76},"end":{"line":14,"column":92}},"9":{"start":{"line":17,"column":8},"end":{"line":17,"column":46}},"10":{"start":{"line":21,"column":8},"end":{"line":21,"column":35}},"11":{"start":{"line":13,"column":0},"end":{"line":13,"column":13}}},"fnMap":{"0":{"name":"(anonymous_0)","decl":{"start":{"line":2,"column":4},"end":{"line":2,"column":40}},"loc":{"start":{"line":2,"column":53},"end":{"line":2,"column":58}}},"1":{"name":"(anonymous_1)","decl":{"start":{"line":4,"column":4},"end":{"line":4,"column":10}},"loc":{"start":{"line":4,"column":33},"end":{"line":8,"column":5}}},"2":{"name":"(anonymous_2)","decl":{"start":{"line":14,"column":4},"end":{"line":14,"column":40}},"loc":{"start":{"line":14,"column":92},"end":{"line":14,"column":97}}},"3":{"name":"(anonymous_3)","decl":{"start":{"line":16,"column":4},"end":{"line":16,"column":10}},"loc":{"start":{"line":16,"column":35},"end":{"line":18,"column":5}}},"4":{"name":"(anonymous_4)","decl":{"start":{"line":20,"column":4},"end":{"line":20,"column":10}},"loc":{"start":{"line":20,"column":17},"end":{"line":22,"column":5}}}},"branchMap":{"0":{"loc":{"start":{"line":5,"column":8},"end":{"line":5,"column":96}},"type":"if","locations":[{"start":{"line":5,"column":8},"end":{"line":5,"column":96}}]},"1":{"loc":{"start":{"line":5,"column":12},"end":{"line":5,"column":51}},"type":"binary-expr","locations":[{"start":{"line":5,"column":12},"end":{"line":5,"column":20}},{"start":{"line":5,"column":24},"end":{"line":5,"column":51}}]},"2":{"loc":{"start":{"line":6,"column":8},"end":{"line":6,"column":86}},"type":"if","locations":[{"start":{"line":6,"column":8},"end":{"line":6,"column":86}}]}},"s":{"0":7,"1":9,"2":1,"3":8,"4":1,"5":7,"6":2,"7":6,"8":6,"9":3,"10":3,"11":2},"f":{"0":7,"1":9,"2":6,"3":3,"4":3},"b":{"0":[1],"1":[9,8],"2":[1]}}
,"/var/www/linnr/bambole-app/src/domain/enrollment/entities/Child.ts": {"path":"/var/www/linnr/bambole-app/src/domain/enrollment/entities/Child.ts","statementMap":{"0":{"start":{"line":5,"column":24},"end":{"line":5,"column":34}},"1":{"start":{"line":6,"column":24},"end":{"line":6,"column":39}},"2":{"start":{"line":7,"column":24},"end":{"line":7,"column":40}},"3":{"start":{"line":8,"column":24},"end":{"line":8,"column":47}},"4":{"start":{"line":9,"column":24},"end":{"line":9,"column":41}},"5":{"start":{"line":3,"column":0},"end":{"line":3,"column":13}}},"fnMap":{"0":{"name":"(anonymous_0)","decl":{"start":{"line":4,"column":4},"end":{"line":4,"column":null}},"loc":{"start":{"line":9,"column":41},"end":{"line":10,"column":9}}}},"branchMap":{},"s":{"0":2,"1":2,"2":2,"3":2,"4":2,"5":2},"f":{"0":2},"b":{}}
,"/var/www/linnr/bambole-app/src/domain/enrollment/entities/Guardian.ts": {"path":"/var/www/linnr/bambole-app/src/domain/enrollment/entities/Guardian.ts","statementMap":{"0":{"start":{"line":3,"column":24},"end":{"line":3,"column":34}},"1":{"start":{"line":4,"column":24},"end":{"line":4,"column":38}},"2":{"start":{"line":5,"column":24},"end":{"line":5,"column":45}},"3":{"start":{"line":6,"column":24},"end":{"line":6,"column":45}},"4":{"start":{"line":1,"column":0},"end":{"line":1,"column":13}}},"fnMap":{"0":{"name":"(anonymous_0)","decl":{"start":{"line":2,"column":4},"end":{"line":2,"column":null}},"loc":{"start":{"line":6,"column":45},"end":{"line":7,"column":9}}}},"branchMap":{},"s":{"0":3,"1":3,"2":3,"3":3,"4":2},"f":{"0":3},"b":{}}
,"/var/www/linnr/bambole-app/src/domain/enrollment/value-objects/ChildName.ts": {"path":"/var/www/linnr/bambole-app/src/domain/enrollment/value-objects/ChildName.ts","statementMap":{"0":{"start":{"line":2,"column":40},"end":{"line":2,"column":53}},"1":{"start":{"line":5,"column":8},"end":{"line":7,"column":9}},"2":{"start":{"line":6,"column":12},"end":{"line":6,"column":50}},"3":{"start":{"line":8,"column":8},"end":{"line":8,"column":42}},"4":{"start":{"line":1,"column":0},"end":{"line":1,"column":13}}},"fnMap":{"0":{"name":"(anonymous_0)","decl":{"start":{"line":2,"column":4},"end":{"line":2,"column":40}},"loc":{"start":{"line":2,"column":53},"end":{"line":2,"column":58}}},"1":{"name":"(anonymous_1)","decl":{"start":{"line":4,"column":4},"end":{"line":4,"column":10}},"loc":{"start":{"line":4,"column":30},"end":{"line":9,"column":5}}}},"branchMap":{"0":{"loc":{"start":{"line":5,"column":8},"end":{"line":7,"column":9}},"type":"if","locations":[{"start":{"line":5,"column":8},"end":{"line":7,"column":9}}]},"1":{"loc":{"start":{"line":5,"column":12},"end":{"line":5,"column":43}},"type":"binary-expr","locations":[{"start":{"line":5,"column":12},"end":{"line":5,"column":17}},{"start":{"line":5,"column":21},"end":{"line":5,"column":43}}]}},"s":{"0":3,"1":5,"2":2,"3":3,"4":2},"f":{"0":3,"1":5},"b":{"0":[2],"1":[5,4]}}
,"/var/www/linnr/bambole-app/src/domain/identity/entities/User.ts": {"path":"/var/www/linnr/bambole-app/src/domain/identity/entities/User.ts","statementMap":{"0":{"start":{"line":6,"column":24},"end":{"line":6,"column":34}},"1":{"start":{"line":7,"column":24},"end":{"line":7,"column":36}},"2":{"start":{"line":8,"column":24},"end":{"line":8,"column":34}},"3":{"start":{"line":4,"column":0},"end":{"line":4,"column":13}}},"fnMap":{"0":{"name":"(anonymous_0)","decl":{"start":{"line":5,"column":4},"end":{"line":5,"column":null}},"loc":{"start":{"line":8,"column":34},"end":{"line":9,"column":9}}}},"branchMap":{},"s":{"0":3,"1":3,"2":3,"3":3},"f":{"0":3},"b":{}}
,"/var/www/linnr/bambole-app/src/domain/identity/value-objects/Email.ts": {"path":"/var/www/linnr/bambole-app/src/domain/identity/value-objects/Email.ts","statementMap":{"0":{"start":{"line":2,"column":40},"end":{"line":2,"column":53}},"1":{"start":{"line":5,"column":27},"end":{"line":5,"column":55}},"2":{"start":{"line":6,"column":8},"end":{"line":8,"column":9}},"3":{"start":{"line":7,"column":12},"end":{"line":7,"column":52}},"4":{"start":{"line":9,"column":8},"end":{"line":9,"column":32}},"5":{"start":{"line":1,"column":0},"end":{"line":1,"column":13}}},"fnMap":{"0":{"name":"(anonymous_0)","decl":{"start":{"line":2,"column":4},"end":{"line":2,"column":40}},"loc":{"start":{"line":2,"column":53},"end":{"line":2,"column":58}}},"1":{"name":"(anonymous_1)","decl":{"start":{"line":4,"column":4},"end":{"line":4,"column":10}},"loc":{"start":{"line":4,"column":31},"end":{"line":10,"column":5}}}},"branchMap":{"0":{"loc":{"start":{"line":6,"column":8},"end":{"line":8,"column":9}},"type":"if","locations":[{"start":{"line":6,"column":8},"end":{"line":8,"column":9}}]}},"s":{"0":7,"1":9,"2":9,"3":2,"4":7,"5":4},"f":{"0":7,"1":9},"b":{"0":[2]}}
,"/var/www/linnr/bambole-app/src/domain/identity/value-objects/Role.ts": {"path":"/var/www/linnr/bambole-app/src/domain/identity/value-objects/Role.ts","statementMap":{"0":{"start":{"line":4,"column":40},"end":{"line":4,"column":55}},"1":{"start":{"line":7,"column":37},"end":{"line":7,"column":67}},"2":{"start":{"line":8,"column":8},"end":{"line":10,"column":9}},"3":{"start":{"line":9,"column":12},"end":{"line":9,"column":49}},"4":{"start":{"line":11,"column":8},"end":{"line":11,"column":42}},"5":{"start":{"line":3,"column":0},"end":{"line":3,"column":13}}},"fnMap":{"0":{"name":"(anonymous_0)","decl":{"start":{"line":4,"column":4},"end":{"line":4,"column":40}},"loc":{"start":{"line":4,"column":55},"end":{"line":4,"column":60}}},"1":{"name":"(anonymous_1)","decl":{"start":{"line":6,"column":4},"end":{"line":6,"column":10}},"loc":{"start":{"line":6,"column":32},"end":{"line":12,"column":5}}}},"branchMap":{"0":{"loc":{"start":{"line":8,"column":8},"end":{"line":10,"column":9}},"type":"if","locations":[{"start":{"line":8,"column":8},"end":{"line":10,"column":9}}]}},"s":{"0":6,"1":7,"2":7,"3":1,"4":6,"5":4},"f":{"0":6,"1":7},"b":{"0":[1]}}
}
