TN:
SF:src/application/activity/use-cases/CreateClassUseCase.ts
FN:14,(anonymous_0)
FN:16,(anonymous_1)
FNF:2
FNH:2
FNDA:3,(anonymous_0)
FNDA:3,(anonymous_1)
DA:2,1
DA:13,1
DA:14,3
DA:17,3
DA:18,1
DA:21,2
DA:27,2
DA:35,2
LF:8
LH:8
BRDA:17,0,0,1
BRDA:17,1,0,3
BRDA:17,1,1,2
BRDA:28,2,0,1
BRDA:28,2,1,1
BRF:5
BRH:5
end_of_record
TN:
SF:src/application/attendance/use-cases/TakeAttendanceUseCase.ts
FN:13,(anonymous_0)
FN:18,(anonymous_1)
FNF:2
FNH:2
FNDA:4,(anonymous_0)
FNDA:4,(anonymous_1)
DA:3,1
DA:12,1
DA:14,4
DA:15,4
DA:24,4
DA:25,4
DA:26,1
DA:29,3
DA:30,1
DA:33,2
DA:35,3
DA:36,2
DA:37,1
DA:39,1
DA:41,2
LF:15
LH:15
BRDA:25,0,0,1
BRDA:29,1,0,1
BRDA:35,2,0,2
BRDA:35,2,1,1
BRDA:36,3,0,1
BRF:5
BRH:5
end_of_record
TN:
SF:src/application/communication/use-cases/SendAnnouncementUseCase.ts
FN:8,(anonymous_0)
FN:14,(anonymous_1)
FNF:2
FNH:2
FNDA:4,(anonymous_0)
FNDA:4,(anonymous_1)
DA:4,1
DA:5,1
DA:7,1
DA:9,4
DA:10,4
DA:11,4
DA:20,4
DA:21,4
DA:23,4
DA:24,4
DA:26,4
DA:27,4
DA:29,4
DA:30,2
DA:31,1
DA:32,1
DA:34,2
DA:35,2
DA:38,3
DA:39,2
LF:20
LH:20
BRDA:21,0,0,2
BRDA:21,0,1,2
BRDA:29,1,0,2
BRDA:29,1,1,2
BRDA:30,2,0,1
BRDA:38,3,0,2
BRF:6
BRH:6
end_of_record
TN:
SF:src/application/enrollment/use-cases/LinkGuardianToChildUseCase.ts
FN:5,(anonymous_0)
FN:10,(anonymous_1)
FNF:2
FNH:2
FNDA:3,(anonymous_0)
FNDA:3,(anonymous_1)
DA:4,1
DA:6,3
DA:7,3
DA:11,3
DA:12,3
DA:13,1
DA:16,2
DA:17,2
DA:18,1
DA:21,1
LF:10
LH:10
BRDA:12,0,0,1
BRDA:17,1,0,1
BRF:2
BRH:2
end_of_record
TN:
SF:src/application/identity/use-cases/SignInUseCase.ts
FN:7,(anonymous_0)
FN:12,(anonymous_1)
FNF:2
FNH:2
FNDA:2,(anonymous_0)
FNDA:2,(anonymous_1)
DA:3,1
DA:6,1
DA:8,2
DA:9,2
DA:13,2
DA:15,2
DA:16,2
DA:17,1
DA:20,1
DA:22,1
LF:10
LH:10
BRDA:16,0,0,1
BRF:1
BRH:1
end_of_record
TN:
SF:src/application/identity/use-cases/SignUpUseCase.ts
FN:8,(anonymous_0)
FN:13,(anonymous_1)
FNF:2
FNH:2
FNDA:2,(anonymous_0)
FNDA:2,(anonymous_1)
DA:3,1
DA:4,1
DA:5,1
DA:7,1
DA:9,2
DA:10,2
DA:14,2
DA:16,2
DA:17,2
DA:18,1
DA:22,1
DA:24,1
DA:30,1
DA:31,1
LF:14
LH:14
BRDA:17,0,0,1
BRF:1
BRH:1
end_of_record
TN:
SF:src/domain/activity/entities/Class.ts
FN:10,(anonymous_1)
FN:31,(anonymous_2)
FN:39,(anonymous_3)
FNF:3
FNH:3
FNDA:9,(anonymous_1)
FNDA:7,(anonymous_2)
FNDA:5,(anonymous_3)
DA:3,3
DA:5,9
DA:6,9
DA:7,9
DA:11,9
DA:12,9
DA:14,9
DA:16,7
DA:17,7
DA:19,7
DA:20,7
DA:22,7
DA:23,7
DA:24,7
DA:26,7
DA:30,3
DA:32,7
DA:33,7
DA:34,7
DA:35,7
DA:36,7
DA:40,5
LF:22
LH:22
BRDA:10,0,0,1
BRDA:14,1,0,2
BRDA:26,2,0,7
BRDA:26,2,1,7
BRDA:39,3,0,1
BRF:5
BRH:5
end_of_record
TN:
SF:src/domain/activity/entities/Schedule.ts
FN:5,(anonymous_0)
FNF:1
FNH:1
FNDA:2,(anonymous_0)
DA:4,1
DA:6,2
DA:7,2
DA:8,2
DA:9,2
DA:10,2
DA:11,2
DA:12,2
LF:8
LH:8
BRDA:12,0,0,1
BRF:1
BRH:1
end_of_record
TN:
SF:src/domain/attendance/entities/AttendanceRecord.ts
FN:4,(anonymous_0)
FN:16,(anonymous_1)
FN:17,(anonymous_2)
FN:18,(anonymous_3)
FN:19,(anonymous_4)
FN:21,(anonymous_5)
FN:25,(anonymous_6)
FN:29,(anonymous_7)
FN:35,(anonymous_8)
FNF:9
FNH:9
FNDA:7,(anonymous_0)
FNDA:4,(anonymous_1)
FNDA:1,(anonymous_2)
FNDA:2,(anonymous_3)
FNDA:2,(anonymous_4)
FNDA:2,(anonymous_5)
FNDA:5,(anonymous_6)
FNDA:2,(anonymous_7)
FNDA:1,(anonymous_8)
DA:1,2
DA:3,2
DA:5,7
DA:6,7
DA:7,7
DA:8,7
DA:9,7
DA:10,7
DA:11,7
DA:12,7
DA:13,7
DA:16,4
DA:17,1
DA:18,2
DA:19,2
DA:22,2
DA:26,5
DA:30,2
DA:31,2
DA:32,2
DA:36,1
DA:37,1
DA:38,1
LF:23
LH:23
BRF:0
BRH:0
end_of_record
TN:
SF:src/domain/attendance/value-objects/AttendanceStatus.ts
FN:4,(anonymous_0)
FN:6,(anonymous_1)
FNF:2
FNH:2
FNDA:10,(anonymous_0)
FNDA:11,(anonymous_1)
DA:3,2
DA:4,10
DA:7,11
DA:8,11
DA:9,10
LF:5
LH:5
BRDA:8,0,0,1
BRF:1
BRH:1
end_of_record
TN:
SF:src/domain/communication/entities/Announcement.ts
FN:4,(anonymous_0)
FNF:1
FNH:1
FNDA:6,(anonymous_0)
DA:3,2
DA:5,6
DA:6,6
DA:7,6
DA:8,6
DA:9,6
LF:6
LH:6
BRF:0
BRH:0
end_of_record
TN:
SF:src/domain/communication/value-objects/CommunicationVOs.ts
FN:2,(anonymous_0)
FN:4,(anonymous_1)
FN:14,(anonymous_2)
FN:16,(anonymous_3)
FN:20,(anonymous_4)
FNF:5
FNH:5
FNDA:7,(anonymous_0)
FNDA:9,(anonymous_1)
FNDA:6,(anonymous_2)
FNDA:3,(anonymous_3)
FNDA:3,(anonymous_4)
DA:1,2
DA:2,7
DA:5,9
DA:6,8
DA:7,7
DA:13,2
DA:14,6
DA:17,3
DA:21,3
LF:9
LH:9
BRDA:5,0,0,1
BRDA:5,1,0,9
BRDA:5,1,1,8
BRDA:6,2,0,1
BRF:4
BRH:4
end_of_record
TN:
SF:src/domain/enrollment/entities/Child.ts
FN:4,(anonymous_0)
FNF:1
FNH:1
FNDA:2,(anonymous_0)
DA:3,2
DA:5,2
DA:6,2
DA:7,2
DA:8,2
DA:9,2
LF:6
LH:6
BRF:0
BRH:0
end_of_record
TN:
SF:src/domain/enrollment/entities/Guardian.ts
FN:2,(anonymous_0)
FNF:1
FNH:1
FNDA:3,(anonymous_0)
DA:1,2
DA:3,3
DA:4,3
DA:5,3
DA:6,3
LF:5
LH:5
BRF:0
BRH:0
end_of_record
TN:
SF:src/domain/enrollment/value-objects/ChildName.ts
FN:2,(anonymous_0)
FN:4,(anonymous_1)
FNF:2
FNH:2
FNDA:3,(anonymous_0)
FNDA:5,(anonymous_1)
DA:1,2
DA:2,3
DA:5,5
DA:6,2
DA:8,3
LF:5
LH:5
BRDA:5,0,0,2
BRDA:5,1,0,5
BRDA:5,1,1,4
BRF:3
BRH:3
end_of_record
TN:
SF:src/domain/identity/entities/User.ts
FN:5,(anonymous_0)
FNF:1
FNH:1
FNDA:3,(anonymous_0)
DA:4,3
DA:6,3
DA:7,3
DA:8,3
LF:4
LH:4
BRF:0
BRH:0
end_of_record
TN:
SF:src/domain/identity/value-objects/Email.ts
FN:2,(anonymous_0)
FN:4,(anonymous_1)
FNF:2
FNH:2
FNDA:7,(anonymous_0)
FNDA:9,(anonymous_1)
DA:1,4
DA:2,7
DA:5,9
DA:6,9
DA:7,2
DA:9,7
LF:6
LH:6
BRDA:6,0,0,2
BRF:1
BRH:1
end_of_record
TN:
SF:src/domain/identity/value-objects/Role.ts
FN:4,(anonymous_0)
FN:6,(anonymous_1)
FNF:2
FNH:2
FNDA:6,(anonymous_0)
FNDA:7,(anonymous_1)
DA:3,4
DA:4,6
DA:7,7
DA:8,7
DA:9,1
DA:11,6
LF:6
LH:6
BRDA:8,0,0,1
BRF:1
BRH:1
end_of_record
